{"context":"AuthService","level":"info","message":"Servicio inicializado con URL: http://localhost:3001","timestamp":"2025-05-04T02:31:41.895Z"}
{"context":"AppService","level":"info","message":"Servicio inicializado","timestamp":"2025-05-04T02:31:41.895Z"}
{"context":"AuthController","level":"info","message":"Controlador de autenticación inicializado","timestamp":"2025-05-04T02:31:41.896Z"}
{"context":"RoutesResolver","level":"info","message":"AuthController {/api/auth}:","timestamp":"2025-05-04T02:31:41.909Z"}
{"context":"RouterExplorer","level":"info","message":"Mapped {/api/auth, POST} route","timestamp":"2025-05-04T02:31:41.911Z"}
{"context":"RouterExplorer","level":"info","message":"Mapped {/api/auth, GET} route","timestamp":"2025-05-04T02:31:41.912Z"}
{"context":"RouterExplorer","level":"info","message":"Mapped {/api/auth/:id, GET} route","timestamp":"2025-05-04T02:31:41.913Z"}
{"context":"RouterExplorer","level":"info","message":"Mapped {/api/auth/:id, PATCH} route","timestamp":"2025-05-04T02:31:41.914Z"}
{"context":"RouterExplorer","level":"info","message":"Mapped {/api/auth/:id, DELETE} route","timestamp":"2025-05-04T02:31:41.914Z"}
{"context":"NestApplication","level":"info","message":"Nest application successfully started","timestamp":"2025-05-04T02:31:41.917Z"}
{"level":"info","message":"API Gateway is running on: http://localhost:3000","timestamp":"2025-05-04T02:31:41.919Z"}
{"level":"info","message":"Swagger documentation available at: http://localhost:3000/api/docs","timestamp":"2025-05-04T02:31:41.919Z"}
{"context":"AuthController","level":"info","message":"Solicitud para obtener todos los usuarios","timestamp":"2025-05-04T02:33:15.008Z"}
{"context":"AuthService","level":"info","message":"Obteniendo todos los usuarios","timestamp":"2025-05-04T02:33:15.008Z"}
{"context":"AuthService","level":"info","message":"2 usuarios encontrados","timestamp":"2025-05-04T02:33:15.041Z"}
{"context":"AuthController","level":"info","message":"Respuesta enviada con la lista de usuarios","timestamp":"2025-05-04T02:33:15.042Z"}
{"context":"AuthController","level":"info","message":"Solicitud de creación de usuario recibida: usuario_3@ejemplo.com","timestamp":"2025-05-04T02:33:43.617Z"}
{"context":"AuthService","level":"info","message":"Creando nuevo usuario: usuario_3@ejemplo.com","timestamp":"2025-05-04T02:33:43.617Z"}
{"context":"AuthService","level":"info","message":"Usuario creado con éxito: usuario_3@ejemplo.com","timestamp":"2025-05-04T02:33:43.642Z"}
{"context":"AuthController","level":"info","message":"Respuesta enviada para creación de usuario: usuario_3@ejemplo.com","timestamp":"2025-05-04T02:33:43.643Z"}
{"context":"AuthService","level":"info","message":"Servicio inicializado con URL: http://localhost:3001","timestamp":"2025-05-04T02:36:35.327Z"}
{"context":"AppService","level":"info","message":"Servicio inicializado","timestamp":"2025-05-04T02:36:35.328Z"}
{"context":"AuthController","level":"info","message":"Controlador de autenticación inicializado","timestamp":"2025-05-04T02:36:35.329Z"}
{"context":"RoutesResolver","level":"info","message":"AuthController {/api/auth}:","timestamp":"2025-05-04T02:36:35.345Z"}
{"context":"RouterExplorer","level":"info","message":"Mapped {/api/auth, POST} route","timestamp":"2025-05-04T02:36:35.348Z"}
{"context":"RouterExplorer","level":"info","message":"Mapped {/api/auth, GET} route","timestamp":"2025-05-04T02:36:35.349Z"}
{"context":"RouterExplorer","level":"info","message":"Mapped {/api/auth/:id, GET} route","timestamp":"2025-05-04T02:36:35.349Z"}
{"context":"RouterExplorer","level":"info","message":"Mapped {/api/auth/:id, PATCH} route","timestamp":"2025-05-04T02:36:35.350Z"}
{"context":"RouterExplorer","level":"info","message":"Mapped {/api/auth/:id, DELETE} route","timestamp":"2025-05-04T02:36:35.350Z"}
{"context":"NestApplication","level":"info","message":"Nest application successfully started","timestamp":"2025-05-04T02:36:35.353Z"}
{"level":"info","message":"API Gateway is running on: http://localhost:3000","timestamp":"2025-05-04T02:36:35.359Z"}
{"level":"info","message":"Swagger documentation available at: http://localhost:3000/api/docs","timestamp":"2025-05-04T02:36:35.359Z"}
{"context":"AuthService","level":"info","message":"Servicio inicializado con URL: http://localhost:3001","timestamp":"2025-05-04T02:39:19.128Z"}
{"context":"AppService","level":"info","message":"Servicio inicializado","timestamp":"2025-05-04T02:39:19.129Z"}
{"context":"AuthController","level":"info","message":"Controlador de autenticación inicializado","timestamp":"2025-05-04T02:39:19.130Z"}
{"context":"RoutesResolver","level":"info","message":"AuthController {/api/auth}:","timestamp":"2025-05-04T02:39:19.151Z"}
{"context":"RouterExplorer","level":"info","message":"Mapped {/api/auth, POST} route","timestamp":"2025-05-04T02:39:19.156Z"}
{"context":"RouterExplorer","level":"info","message":"Mapped {/api/auth, GET} route","timestamp":"2025-05-04T02:39:19.157Z"}
{"context":"RouterExplorer","level":"info","message":"Mapped {/api/auth/:id, GET} route","timestamp":"2025-05-04T02:39:19.158Z"}
{"context":"RouterExplorer","level":"info","message":"Mapped {/api/auth/:id, PATCH} route","timestamp":"2025-05-04T02:39:19.159Z"}
{"context":"RouterExplorer","level":"info","message":"Mapped {/api/auth/:id, DELETE} route","timestamp":"2025-05-04T02:39:19.159Z"}
{"context":"NestApplication","level":"info","message":"Nest application successfully started","timestamp":"2025-05-04T02:39:19.162Z"}
{"level":"info","message":"API Gateway is running on: http://localhost:3000","timestamp":"2025-05-04T02:39:19.167Z"}
{"level":"info","message":"Swagger documentation available at: http://localhost:3000/api/docs","timestamp":"2025-05-04T02:39:19.168Z"}
{"context":"AuthService","level":"info","message":"Servicio inicializado con URL: http://localhost:3001","timestamp":"2025-05-04T02:39:23.558Z"}
{"context":"AppService","level":"info","message":"Servicio inicializado","timestamp":"2025-05-04T02:39:23.559Z"}
{"context":"AuthController","level":"info","message":"Controlador de autenticación inicializado","timestamp":"2025-05-04T02:39:23.560Z"}
{"context":"RoutesResolver","level":"info","message":"AuthController {/api/auth}:","timestamp":"2025-05-04T02:39:23.574Z"}
{"context":"RouterExplorer","level":"info","message":"Mapped {/api/auth, POST} route","timestamp":"2025-05-04T02:39:23.577Z"}
{"context":"RouterExplorer","level":"info","message":"Mapped {/api/auth, GET} route","timestamp":"2025-05-04T02:39:23.577Z"}
{"context":"RouterExplorer","level":"info","message":"Mapped {/api/auth/:id, GET} route","timestamp":"2025-05-04T02:39:23.578Z"}
{"context":"RouterExplorer","level":"info","message":"Mapped {/api/auth/:id, PATCH} route","timestamp":"2025-05-04T02:39:23.578Z"}
{"context":"RouterExplorer","level":"info","message":"Mapped {/api/auth/:id, DELETE} route","timestamp":"2025-05-04T02:39:23.579Z"}
{"context":"NestApplication","level":"info","message":"Nest application successfully started","timestamp":"2025-05-04T02:39:23.581Z"}
{"level":"info","message":"API Gateway is running on: http://localhost:3000","timestamp":"2025-05-04T02:39:23.585Z"}
{"level":"info","message":"Swagger documentation available at: http://localhost:3000/api/docs","timestamp":"2025-05-04T02:39:23.586Z"}
{"context":"AuthController","level":"info","message":"Solicitud para obtener todos los usuarios","timestamp":"2025-05-04T02:39:56.210Z"}
{"context":"AuthService","level":"info","message":"Obteniendo todos los usuarios","timestamp":"2025-05-04T02:39:56.210Z"}
{"context":"AuthService","level":"info","message":"3 usuarios encontrados","timestamp":"2025-05-04T02:39:56.241Z"}
{"context":"AuthController","level":"info","message":"Respuesta enviada con la lista de usuarios","timestamp":"2025-05-04T02:39:56.241Z"}
{"context":"AuthService","level":"info","message":"Servicio inicializado con URL: http://localhost:3001","timestamp":"2025-05-04T02:40:42.428Z"}
{"context":"AppService","level":"info","message":"Servicio inicializado","timestamp":"2025-05-04T02:40:42.429Z"}
{"context":"AuthController","level":"info","message":"Controlador de autenticación inicializado","timestamp":"2025-05-04T02:40:42.430Z"}
{"context":"RoutesResolver","level":"info","message":"AuthController {/api/auth}:","timestamp":"2025-05-04T02:40:42.445Z"}
{"context":"RouterExplorer","level":"info","message":"Mapped {/api/auth, POST} route","timestamp":"2025-05-04T02:40:42.447Z"}
{"context":"RouterExplorer","level":"info","message":"Mapped {/api/auth, GET} route","timestamp":"2025-05-04T02:40:42.448Z"}
{"context":"RouterExplorer","level":"info","message":"Mapped {/api/auth/:id, GET} route","timestamp":"2025-05-04T02:40:42.448Z"}
{"context":"RouterExplorer","level":"info","message":"Mapped {/api/auth/:id, PATCH} route","timestamp":"2025-05-04T02:40:42.449Z"}
{"context":"RouterExplorer","level":"info","message":"Mapped {/api/auth/:id, DELETE} route","timestamp":"2025-05-04T02:40:42.449Z"}
{"context":"NestApplication","level":"info","message":"Nest application successfully started","timestamp":"2025-05-04T02:40:42.451Z"}
{"level":"info","message":"API Gateway is running on: http://localhost:3000","timestamp":"2025-05-04T02:40:42.454Z"}
{"level":"info","message":"Swagger documentation available at: http://localhost:3000/api/docs","timestamp":"2025-05-04T02:40:42.454Z"}
{"context":"AuthController","level":"info","message":"Solicitud para obtener todos los usuarios","timestamp":"2025-05-04T02:41:25.495Z"}
{"context":"AuthService","level":"info","message":"Obteniendo todos los usuarios","timestamp":"2025-05-04T02:41:25.495Z"}
{"context":"AuthService","level":"info","message":"3 usuarios encontrados","timestamp":"2025-05-04T02:41:25.525Z"}
{"context":"AuthController","level":"info","message":"Respuesta enviada con la lista de usuarios","timestamp":"2025-05-04T02:41:25.525Z"}
{"context":"AuthController","level":"info","message":"Solicitud de creación de usuario recibida: usuario_4@ejemplo.com","timestamp":"2025-05-04T02:41:41.721Z"}
{"context":"AuthService","level":"info","message":"Creando nuevo usuario: usuario_4@ejemplo.com","timestamp":"2025-05-04T02:41:41.721Z"}
{"context":"AuthService","level":"info","message":"Usuario creado con éxito: usuario_4@ejemplo.com","timestamp":"2025-05-04T02:41:41.743Z"}
{"context":"AuthController","level":"info","message":"Respuesta enviada para creación de usuario: usuario_4@ejemplo.com","timestamp":"2025-05-04T02:41:41.743Z"}
{"context":"AuthService","level":"info","message":"Servicio inicializado con URL: http://localhost:3001","timestamp":"2025-05-04T02:45:01.230Z"}
{"context":"AppService","level":"info","message":"Servicio inicializado","timestamp":"2025-05-04T02:45:01.231Z"}
{"context":"AuthController","level":"info","message":"Controlador de autenticación inicializado","timestamp":"2025-05-04T02:45:01.232Z"}
{"context":"RoutesResolver","level":"info","message":"AuthController {/api/auth}:","timestamp":"2025-05-04T02:45:01.247Z"}
{"context":"RouterExplorer","level":"info","message":"Mapped {/api/auth, POST} route","timestamp":"2025-05-04T02:45:01.250Z"}
{"context":"RouterExplorer","level":"info","message":"Mapped {/api/auth, GET} route","timestamp":"2025-05-04T02:45:01.251Z"}
{"context":"RouterExplorer","level":"info","message":"Mapped {/api/auth/:id, GET} route","timestamp":"2025-05-04T02:45:01.252Z"}
{"context":"RouterExplorer","level":"info","message":"Mapped {/api/auth/:id, PATCH} route","timestamp":"2025-05-04T02:45:01.253Z"}
{"context":"RouterExplorer","level":"info","message":"Mapped {/api/auth/:id, DELETE} route","timestamp":"2025-05-04T02:45:01.253Z"}
{"context":"NestApplication","level":"info","message":"Nest application successfully started","timestamp":"2025-05-04T02:45:01.255Z"}
{"level":"info","message":"API Gateway is running on: http://localhost:3000","timestamp":"2025-05-04T02:45:01.257Z"}
{"level":"info","message":"Swagger documentation available at: http://localhost:3000/api/docs","timestamp":"2025-05-04T02:45:01.257Z"}
{"context":"AuthController","level":"info","message":"Solicitud para obtener todos los usuarios","timestamp":"2025-05-04T02:45:46.239Z"}
{"context":"AuthService","level":"info","message":"Obteniendo todos los usuarios","timestamp":"2025-05-04T02:45:46.239Z"}
{"context":"AuthService","level":"info","message":"4 usuarios encontrados","timestamp":"2025-05-04T02:45:46.269Z"}
{"context":"AuthController","level":"info","message":"Respuesta enviada con la lista de usuarios","timestamp":"2025-05-04T02:45:46.269Z"}
